{"context":"NestFactory","level":"info","message":"Starting Nest application...","timestamp":"2025-03-06T22:04:49.823Z"}
{"context":"InstanceLoader","level":"info","message":"TypeOrmModule dependencies initialized","timestamp":"2025-03-06T22:04:49.829Z"}
{"context":"InstanceLoader","level":"info","message":"PassportModule dependencies initialized","timestamp":"2025-03-06T22:04:49.829Z"}
{"context":"InstanceLoader","level":"info","message":"AppModule dependencies initialized","timestamp":"2025-03-06T22:04:49.829Z"}
{"context":"InstanceLoader","level":"info","message":"ConfigHostModule dependencies initialized","timestamp":"2025-03-06T22:04:49.829Z"}
{"context":"InstanceLoader","level":"info","message":"ConfigModule dependencies initialized","timestamp":"2025-03-06T22:04:49.829Z"}
{"context":"InstanceLoader","level":"info","message":"ConfigModule dependencies initialized","timestamp":"2025-03-06T22:04:49.829Z"}
{"context":"InstanceLoader","level":"info","message":"JwtModule dependencies initialized","timestamp":"2025-03-06T22:04:49.847Z"}
{"context":"InstanceLoader","level":"info","message":"TypeOrmCoreModule dependencies initialized","timestamp":"2025-03-06T22:04:49.918Z"}
{"context":"InstanceLoader","level":"info","message":"TypeOrmModule dependencies initialized","timestamp":"2025-03-06T22:04:49.918Z"}
{"context":"InstanceLoader","level":"info","message":"TypeOrmModule dependencies initialized","timestamp":"2025-03-06T22:04:49.918Z"}
{"context":"InstanceLoader","level":"info","message":"UsersModule dependencies initialized","timestamp":"2025-03-06T22:04:49.919Z"}
{"context":"InstanceLoader","level":"info","message":"MoodsModule dependencies initialized","timestamp":"2025-03-06T22:04:49.919Z"}
{"context":"InstanceLoader","level":"info","message":"AuthModule dependencies initialized","timestamp":"2025-03-06T22:04:49.919Z"}
{"context":"RoutesResolver","level":"info","message":"AppController {/api}:","timestamp":"2025-03-06T22:04:49.921Z"}
{"context":"RouterExplorer","level":"info","message":"Mapped {/api/health, GET} route","timestamp":"2025-03-06T22:04:49.923Z"}
{"context":"RoutesResolver","level":"info","message":"AuthController {/api/auth}:","timestamp":"2025-03-06T22:04:49.923Z"}
{"context":"RouterExplorer","level":"info","message":"Mapped {/api/auth/login, POST} route","timestamp":"2025-03-06T22:04:49.923Z"}
{"context":"RouterExplorer","level":"info","message":"Mapped {/api/auth/register, POST} route","timestamp":"2025-03-06T22:04:49.923Z"}
{"context":"RoutesResolver","level":"info","message":"UsersController {/api/users}:","timestamp":"2025-03-06T22:04:49.923Z"}
{"context":"RouterExplorer","level":"info","message":"Mapped {/api/users/profile, GET} route","timestamp":"2025-03-06T22:04:49.923Z"}
{"context":"RouterExplorer","level":"info","message":"Mapped {/api/users/:id, GET} route","timestamp":"2025-03-06T22:04:49.924Z"}
{"context":"RouterExplorer","level":"info","message":"Mapped {/api/users/:id, PUT} route","timestamp":"2025-03-06T22:04:49.924Z"}
{"context":"RouterExplorer","level":"info","message":"Mapped {/api/users/:id, DELETE} route","timestamp":"2025-03-06T22:04:49.924Z"}
{"context":"RoutesResolver","level":"info","message":"MoodsController {/api/moods}:","timestamp":"2025-03-06T22:04:49.924Z"}
{"context":"RouterExplorer","level":"info","message":"Mapped {/api/moods, GET} route","timestamp":"2025-03-06T22:04:49.924Z"}
{"context":"RouterExplorer","level":"info","message":"Mapped {/api/moods/date/:date, GET} route","timestamp":"2025-03-06T22:04:49.925Z"}
{"context":"RouterExplorer","level":"info","message":"Mapped {/api/moods/range, GET} route","timestamp":"2025-03-06T22:04:49.925Z"}
{"context":"RouterExplorer","level":"info","message":"Mapped {/api/moods/:id, GET} route","timestamp":"2025-03-06T22:04:49.925Z"}
{"context":"RouterExplorer","level":"info","message":"Mapped {/api/moods, POST} route","timestamp":"2025-03-06T22:04:49.925Z"}
{"context":"RouterExplorer","level":"info","message":"Mapped {/api/moods/:id, PUT} route","timestamp":"2025-03-06T22:04:49.925Z"}
{"context":"RouterExplorer","level":"info","message":"Mapped {/api/moods/:id, DELETE} route","timestamp":"2025-03-06T22:04:49.925Z"}
{"context":"NestApplication","level":"info","message":"Nest application successfully started","timestamp":"2025-03-06T22:04:49.926Z"}
{"context":"NestFactory","level":"info","message":"Starting Nest application...","timestamp":"2025-03-06T22:05:51.630Z"}
{"context":"InstanceLoader","level":"info","message":"TypeOrmModule dependencies initialized","timestamp":"2025-03-06T22:05:51.636Z"}
{"context":"InstanceLoader","level":"info","message":"PassportModule dependencies initialized","timestamp":"2025-03-06T22:05:51.636Z"}
{"context":"InstanceLoader","level":"info","message":"AppModule dependencies initialized","timestamp":"2025-03-06T22:05:51.636Z"}
{"context":"InstanceLoader","level":"info","message":"ConfigHostModule dependencies initialized","timestamp":"2025-03-06T22:05:51.636Z"}
{"context":"InstanceLoader","level":"info","message":"ConfigModule dependencies initialized","timestamp":"2025-03-06T22:05:51.636Z"}
{"context":"InstanceLoader","level":"info","message":"ConfigModule dependencies initialized","timestamp":"2025-03-06T22:05:51.636Z"}
{"context":"InstanceLoader","level":"info","message":"JwtModule dependencies initialized","timestamp":"2025-03-06T22:05:51.650Z"}
{"context":"InstanceLoader","level":"info","message":"TypeOrmCoreModule dependencies initialized","timestamp":"2025-03-06T22:05:51.716Z"}
{"context":"InstanceLoader","level":"info","message":"TypeOrmModule dependencies initialized","timestamp":"2025-03-06T22:05:51.717Z"}
{"context":"InstanceLoader","level":"info","message":"TypeOrmModule dependencies initialized","timestamp":"2025-03-06T22:05:51.717Z"}
{"context":"InstanceLoader","level":"info","message":"UsersModule dependencies initialized","timestamp":"2025-03-06T22:05:51.717Z"}
{"context":"InstanceLoader","level":"info","message":"MoodsModule dependencies initialized","timestamp":"2025-03-06T22:05:51.717Z"}
{"context":"InstanceLoader","level":"info","message":"AuthModule dependencies initialized","timestamp":"2025-03-06T22:05:51.717Z"}
{"context":"RoutesResolver","level":"info","message":"AppController {/api}:","timestamp":"2025-03-06T22:05:51.720Z"}
{"context":"RouterExplorer","level":"info","message":"Mapped {/api/health, GET} route","timestamp":"2025-03-06T22:05:51.721Z"}
{"context":"RoutesResolver","level":"info","message":"AuthController {/api/auth}:","timestamp":"2025-03-06T22:05:51.721Z"}
{"context":"RouterExplorer","level":"info","message":"Mapped {/api/auth/login, POST} route","timestamp":"2025-03-06T22:05:51.721Z"}
{"context":"RouterExplorer","level":"info","message":"Mapped {/api/auth/register, POST} route","timestamp":"2025-03-06T22:05:51.721Z"}
{"context":"RoutesResolver","level":"info","message":"UsersController {/api/users}:","timestamp":"2025-03-06T22:05:51.721Z"}
{"context":"RouterExplorer","level":"info","message":"Mapped {/api/users/profile, GET} route","timestamp":"2025-03-06T22:05:51.721Z"}
{"context":"RouterExplorer","level":"info","message":"Mapped {/api/users/:id, GET} route","timestamp":"2025-03-06T22:05:51.722Z"}
{"context":"RouterExplorer","level":"info","message":"Mapped {/api/users/:id, PUT} route","timestamp":"2025-03-06T22:05:51.722Z"}
{"context":"RouterExplorer","level":"info","message":"Mapped {/api/users/:id, DELETE} route","timestamp":"2025-03-06T22:05:51.722Z"}
{"context":"RoutesResolver","level":"info","message":"MoodsController {/api/moods}:","timestamp":"2025-03-06T22:05:51.722Z"}
{"context":"RouterExplorer","level":"info","message":"Mapped {/api/moods, GET} route","timestamp":"2025-03-06T22:05:51.722Z"}
{"context":"RouterExplorer","level":"info","message":"Mapped {/api/moods/date/:date, GET} route","timestamp":"2025-03-06T22:05:51.722Z"}
{"context":"RouterExplorer","level":"info","message":"Mapped {/api/moods/range, GET} route","timestamp":"2025-03-06T22:05:51.723Z"}
{"context":"RouterExplorer","level":"info","message":"Mapped {/api/moods/:id, GET} route","timestamp":"2025-03-06T22:05:51.723Z"}
{"context":"RouterExplorer","level":"info","message":"Mapped {/api/moods, POST} route","timestamp":"2025-03-06T22:05:51.723Z"}
{"context":"RouterExplorer","level":"info","message":"Mapped {/api/moods/:id, PUT} route","timestamp":"2025-03-06T22:05:51.723Z"}
{"context":"RouterExplorer","level":"info","message":"Mapped {/api/moods/:id, DELETE} route","timestamp":"2025-03-06T22:05:51.723Z"}
{"context":"NestApplication","level":"info","message":"Nest application successfully started","timestamp":"2025-03-06T22:05:51.724Z"}
{"context":"NestFactory","level":"info","message":"Starting Nest application...","timestamp":"2025-03-06T22:30:12.061Z"}
{"context":"InstanceLoader","level":"info","message":"TypeOrmModule dependencies initialized","timestamp":"2025-03-06T22:30:12.067Z"}
{"context":"InstanceLoader","level":"info","message":"PassportModule dependencies initialized","timestamp":"2025-03-06T22:30:12.067Z"}
{"context":"InstanceLoader","level":"info","message":"AppModule dependencies initialized","timestamp":"2025-03-06T22:30:12.067Z"}
{"context":"InstanceLoader","level":"info","message":"ConfigHostModule dependencies initialized","timestamp":"2025-03-06T22:30:12.067Z"}
{"context":"InstanceLoader","level":"info","message":"ConfigModule dependencies initialized","timestamp":"2025-03-06T22:30:12.067Z"}
{"context":"InstanceLoader","level":"info","message":"ConfigModule dependencies initialized","timestamp":"2025-03-06T22:30:12.068Z"}
{"context":"InstanceLoader","level":"info","message":"JwtModule dependencies initialized","timestamp":"2025-03-06T22:30:12.085Z"}
{"context":"InstanceLoader","level":"info","message":"TypeOrmCoreModule dependencies initialized","timestamp":"2025-03-06T22:30:12.168Z"}
{"context":"InstanceLoader","level":"info","message":"TypeOrmModule dependencies initialized","timestamp":"2025-03-06T22:30:12.168Z"}
{"context":"InstanceLoader","level":"info","message":"TypeOrmModule dependencies initialized","timestamp":"2025-03-06T22:30:12.169Z"}
{"context":"InstanceLoader","level":"info","message":"UsersModule dependencies initialized","timestamp":"2025-03-06T22:30:12.169Z"}
{"context":"InstanceLoader","level":"info","message":"MoodsModule dependencies initialized","timestamp":"2025-03-06T22:30:12.169Z"}
{"context":"InstanceLoader","level":"info","message":"AuthModule dependencies initialized","timestamp":"2025-03-06T22:30:12.169Z"}
{"context":"RoutesResolver","level":"info","message":"AppController {/api}:","timestamp":"2025-03-06T22:30:12.172Z"}
{"context":"RouterExplorer","level":"info","message":"Mapped {/api/health, GET} route","timestamp":"2025-03-06T22:30:12.173Z"}
{"context":"RoutesResolver","level":"info","message":"AuthController {/api/auth}:","timestamp":"2025-03-06T22:30:12.173Z"}
{"context":"RouterExplorer","level":"info","message":"Mapped {/api/auth/login, POST} route","timestamp":"2025-03-06T22:30:12.173Z"}
{"context":"RouterExplorer","level":"info","message":"Mapped {/api/auth/register, POST} route","timestamp":"2025-03-06T22:30:12.173Z"}
{"context":"RoutesResolver","level":"info","message":"UsersController {/api/users}:","timestamp":"2025-03-06T22:30:12.174Z"}
{"context":"RouterExplorer","level":"info","message":"Mapped {/api/users/profile, GET} route","timestamp":"2025-03-06T22:30:12.174Z"}
{"context":"RouterExplorer","level":"info","message":"Mapped {/api/users/:id, GET} route","timestamp":"2025-03-06T22:30:12.174Z"}
{"context":"RouterExplorer","level":"info","message":"Mapped {/api/users/:id, PUT} route","timestamp":"2025-03-06T22:30:12.174Z"}
{"context":"RouterExplorer","level":"info","message":"Mapped {/api/users/:id, DELETE} route","timestamp":"2025-03-06T22:30:12.174Z"}
{"context":"RoutesResolver","level":"info","message":"MoodsController {/api/moods}:","timestamp":"2025-03-06T22:30:12.174Z"}
{"context":"RouterExplorer","level":"info","message":"Mapped {/api/moods, GET} route","timestamp":"2025-03-06T22:30:12.174Z"}
{"context":"RouterExplorer","level":"info","message":"Mapped {/api/moods/date/:date, GET} route","timestamp":"2025-03-06T22:30:12.175Z"}
{"context":"RouterExplorer","level":"info","message":"Mapped {/api/moods/range, GET} route","timestamp":"2025-03-06T22:30:12.175Z"}
{"context":"RouterExplorer","level":"info","message":"Mapped {/api/moods/:id, GET} route","timestamp":"2025-03-06T22:30:12.175Z"}
{"context":"RouterExplorer","level":"info","message":"Mapped {/api/moods, POST} route","timestamp":"2025-03-06T22:30:12.175Z"}
{"context":"RouterExplorer","level":"info","message":"Mapped {/api/moods/:id, PUT} route","timestamp":"2025-03-06T22:30:12.175Z"}
{"context":"RouterExplorer","level":"info","message":"Mapped {/api/moods/:id, DELETE} route","timestamp":"2025-03-06T22:30:12.175Z"}
{"context":"NestApplication","level":"info","message":"Nest application successfully started","timestamp":"2025-03-06T22:30:12.176Z"}
{"context":"Bootstrap","level":"info","message":"Application is running on: http://[::1]:3000","timestamp":"2025-03-06T22:30:12.177Z"}
{"context":"NestFactory","level":"info","message":"Starting Nest application...","timestamp":"2025-03-06T22:30:45.161Z"}
{"context":"InstanceLoader","level":"info","message":"TypeOrmModule dependencies initialized","timestamp":"2025-03-06T22:30:45.171Z"}
{"context":"InstanceLoader","level":"info","message":"PassportModule dependencies initialized","timestamp":"2025-03-06T22:30:45.172Z"}
{"context":"InstanceLoader","level":"info","message":"AppModule dependencies initialized","timestamp":"2025-03-06T22:30:45.172Z"}
{"context":"InstanceLoader","level":"info","message":"ConfigHostModule dependencies initialized","timestamp":"2025-03-06T22:30:45.172Z"}
{"context":"InstanceLoader","level":"info","message":"ConfigModule dependencies initialized","timestamp":"2025-03-06T22:30:45.172Z"}
{"context":"InstanceLoader","level":"info","message":"ConfigModule dependencies initialized","timestamp":"2025-03-06T22:30:45.172Z"}
{"context":"InstanceLoader","level":"info","message":"JwtModule dependencies initialized","timestamp":"2025-03-06T22:30:45.190Z"}
{"context":"InstanceLoader","level":"info","message":"TypeOrmCoreModule dependencies initialized","timestamp":"2025-03-06T22:30:45.241Z"}
{"context":"InstanceLoader","level":"info","message":"TypeOrmModule dependencies initialized","timestamp":"2025-03-06T22:30:45.241Z"}
{"context":"InstanceLoader","level":"info","message":"TypeOrmModule dependencies initialized","timestamp":"2025-03-06T22:30:45.241Z"}
{"context":"InstanceLoader","level":"info","message":"UsersModule dependencies initialized","timestamp":"2025-03-06T22:30:45.242Z"}
{"context":"InstanceLoader","level":"info","message":"MoodsModule dependencies initialized","timestamp":"2025-03-06T22:30:45.242Z"}
{"context":"InstanceLoader","level":"info","message":"AuthModule dependencies initialized","timestamp":"2025-03-06T22:30:45.242Z"}
{"context":"RoutesResolver","level":"info","message":"AppController {/api}:","timestamp":"2025-03-06T22:30:45.244Z"}
{"context":"RouterExplorer","level":"info","message":"Mapped {/api/health, GET} route","timestamp":"2025-03-06T22:30:45.245Z"}
{"context":"RoutesResolver","level":"info","message":"AuthController {/api/auth}:","timestamp":"2025-03-06T22:30:45.245Z"}
{"context":"RouterExplorer","level":"info","message":"Mapped {/api/auth/login, POST} route","timestamp":"2025-03-06T22:30:45.246Z"}
{"context":"RouterExplorer","level":"info","message":"Mapped {/api/auth/register, POST} route","timestamp":"2025-03-06T22:30:45.246Z"}
{"context":"RoutesResolver","level":"info","message":"UsersController {/api/users}:","timestamp":"2025-03-06T22:30:45.246Z"}
{"context":"RouterExplorer","level":"info","message":"Mapped {/api/users/profile, GET} route","timestamp":"2025-03-06T22:30:45.246Z"}
{"context":"RouterExplorer","level":"info","message":"Mapped {/api/users/:id, GET} route","timestamp":"2025-03-06T22:30:45.247Z"}
{"context":"RouterExplorer","level":"info","message":"Mapped {/api/users/:id, PUT} route","timestamp":"2025-03-06T22:30:45.247Z"}
{"context":"RouterExplorer","level":"info","message":"Mapped {/api/users/:id, DELETE} route","timestamp":"2025-03-06T22:30:45.247Z"}
{"context":"RoutesResolver","level":"info","message":"MoodsController {/api/moods}:","timestamp":"2025-03-06T22:30:45.247Z"}
{"context":"RouterExplorer","level":"info","message":"Mapped {/api/moods, GET} route","timestamp":"2025-03-06T22:30:45.247Z"}
{"context":"RouterExplorer","level":"info","message":"Mapped {/api/moods/date/:date, GET} route","timestamp":"2025-03-06T22:30:45.248Z"}
{"context":"RouterExplorer","level":"info","message":"Mapped {/api/moods/range, GET} route","timestamp":"2025-03-06T22:30:45.248Z"}
{"context":"RouterExplorer","level":"info","message":"Mapped {/api/moods/:id, GET} route","timestamp":"2025-03-06T22:30:45.248Z"}
{"context":"RouterExplorer","level":"info","message":"Mapped {/api/moods, POST} route","timestamp":"2025-03-06T22:30:45.248Z"}
{"context":"RouterExplorer","level":"info","message":"Mapped {/api/moods/:id, PUT} route","timestamp":"2025-03-06T22:30:45.248Z"}
{"context":"RouterExplorer","level":"info","message":"Mapped {/api/moods/:id, DELETE} route","timestamp":"2025-03-06T22:30:45.248Z"}
{"context":"NestApplication","level":"info","message":"Nest application successfully started","timestamp":"2025-03-06T22:30:45.249Z"}
{"context":"Bootstrap","level":"info","message":"Application is running on: http://[::1]:3000","timestamp":"2025-03-06T22:30:45.250Z"}
{"context":"NestFactory","level":"info","message":"Starting Nest application...","timestamp":"2025-03-07T04:31:54.472Z"}
{"context":"InstanceLoader","level":"info","message":"TypeOrmModule dependencies initialized","timestamp":"2025-03-07T04:31:54.478Z"}
{"context":"InstanceLoader","level":"info","message":"PassportModule dependencies initialized","timestamp":"2025-03-07T04:31:54.478Z"}
{"context":"InstanceLoader","level":"info","message":"AppModule dependencies initialized","timestamp":"2025-03-07T04:31:54.478Z"}
{"context":"InstanceLoader","level":"info","message":"ConfigHostModule dependencies initialized","timestamp":"2025-03-07T04:31:54.478Z"}
{"context":"InstanceLoader","level":"info","message":"ConfigModule dependencies initialized","timestamp":"2025-03-07T04:31:54.479Z"}
{"context":"InstanceLoader","level":"info","message":"ConfigModule dependencies initialized","timestamp":"2025-03-07T04:31:54.479Z"}
{"context":"InstanceLoader","level":"info","message":"JwtModule dependencies initialized","timestamp":"2025-03-07T04:31:54.496Z"}
{"context":"InstanceLoader","level":"info","message":"TypeOrmCoreModule dependencies initialized","timestamp":"2025-03-07T04:31:54.569Z"}
{"context":"InstanceLoader","level":"info","message":"TypeOrmModule dependencies initialized","timestamp":"2025-03-07T04:31:54.569Z"}
{"context":"InstanceLoader","level":"info","message":"TypeOrmModule dependencies initialized","timestamp":"2025-03-07T04:31:54.569Z"}
{"context":"InstanceLoader","level":"info","message":"UsersModule dependencies initialized","timestamp":"2025-03-07T04:31:54.570Z"}
{"context":"InstanceLoader","level":"info","message":"MoodsModule dependencies initialized","timestamp":"2025-03-07T04:31:54.570Z"}
{"context":"InstanceLoader","level":"info","message":"AuthModule dependencies initialized","timestamp":"2025-03-07T04:31:54.570Z"}
{"context":"RoutesResolver","level":"info","message":"AppController {/api}:","timestamp":"2025-03-07T04:31:54.572Z"}
{"context":"RouterExplorer","level":"info","message":"Mapped {/api/health, GET} route","timestamp":"2025-03-07T04:31:54.574Z"}
{"context":"RoutesResolver","level":"info","message":"AuthController {/api/auth}:","timestamp":"2025-03-07T04:31:54.574Z"}
{"context":"RouterExplorer","level":"info","message":"Mapped {/api/auth/login, POST} route","timestamp":"2025-03-07T04:31:54.574Z"}
{"context":"RouterExplorer","level":"info","message":"Mapped {/api/auth/register, POST} route","timestamp":"2025-03-07T04:31:54.574Z"}
{"context":"RoutesResolver","level":"info","message":"UsersController {/api/users}:","timestamp":"2025-03-07T04:31:54.575Z"}
{"context":"RouterExplorer","level":"info","message":"Mapped {/api/users/profile, GET} route","timestamp":"2025-03-07T04:31:54.575Z"}
{"context":"RouterExplorer","level":"info","message":"Mapped {/api/users/:id, GET} route","timestamp":"2025-03-07T04:31:54.575Z"}
{"context":"RouterExplorer","level":"info","message":"Mapped {/api/users/:id, PUT} route","timestamp":"2025-03-07T04:31:54.575Z"}
{"context":"RouterExplorer","level":"info","message":"Mapped {/api/users/:id, DELETE} route","timestamp":"2025-03-07T04:31:54.575Z"}
{"context":"RoutesResolver","level":"info","message":"MoodsController {/api/moods}:","timestamp":"2025-03-07T04:31:54.575Z"}
{"context":"RouterExplorer","level":"info","message":"Mapped {/api/moods, GET} route","timestamp":"2025-03-07T04:31:54.575Z"}
{"context":"RouterExplorer","level":"info","message":"Mapped {/api/moods/date/:date, GET} route","timestamp":"2025-03-07T04:31:54.576Z"}
{"context":"RouterExplorer","level":"info","message":"Mapped {/api/moods/range, GET} route","timestamp":"2025-03-07T04:31:54.576Z"}
{"context":"RouterExplorer","level":"info","message":"Mapped {/api/moods/:id, GET} route","timestamp":"2025-03-07T04:31:54.576Z"}
{"context":"RouterExplorer","level":"info","message":"Mapped {/api/moods, POST} route","timestamp":"2025-03-07T04:31:54.576Z"}
{"context":"RouterExplorer","level":"info","message":"Mapped {/api/moods/:id, PUT} route","timestamp":"2025-03-07T04:31:54.576Z"}
{"context":"RouterExplorer","level":"info","message":"Mapped {/api/moods/:id, DELETE} route","timestamp":"2025-03-07T04:31:54.576Z"}
{"context":"NestApplication","level":"info","message":"Nest application successfully started","timestamp":"2025-03-07T04:31:54.577Z"}
{"context":"Bootstrap","level":"info","message":"Application is running on: http://[::1]:3000","timestamp":"2025-03-07T04:31:54.578Z"}
{"context":"NestFactory","level":"info","message":"Starting Nest application...","timestamp":"2025-03-07T04:34:27.267Z"}
{"context":"InstanceLoader","level":"info","message":"TypeOrmModule dependencies initialized","timestamp":"2025-03-07T04:34:27.273Z"}
{"context":"InstanceLoader","level":"info","message":"PassportModule dependencies initialized","timestamp":"2025-03-07T04:34:27.273Z"}
{"context":"InstanceLoader","level":"info","message":"AppModule dependencies initialized","timestamp":"2025-03-07T04:34:27.273Z"}
{"context":"InstanceLoader","level":"info","message":"ConfigHostModule dependencies initialized","timestamp":"2025-03-07T04:34:27.273Z"}
{"context":"InstanceLoader","level":"info","message":"ConfigModule dependencies initialized","timestamp":"2025-03-07T04:34:27.274Z"}
{"context":"InstanceLoader","level":"info","message":"ConfigModule dependencies initialized","timestamp":"2025-03-07T04:34:27.274Z"}
{"context":"InstanceLoader","level":"info","message":"JwtModule dependencies initialized","timestamp":"2025-03-07T04:34:27.285Z"}
{"context":"InstanceLoader","level":"info","message":"TypeOrmCoreModule dependencies initialized","timestamp":"2025-03-07T04:34:27.345Z"}
{"context":"InstanceLoader","level":"info","message":"TypeOrmModule dependencies initialized","timestamp":"2025-03-07T04:34:27.345Z"}
{"context":"InstanceLoader","level":"info","message":"TypeOrmModule dependencies initialized","timestamp":"2025-03-07T04:34:27.345Z"}
{"context":"InstanceLoader","level":"info","message":"UsersModule dependencies initialized","timestamp":"2025-03-07T04:34:27.346Z"}
{"context":"InstanceLoader","level":"info","message":"MoodsModule dependencies initialized","timestamp":"2025-03-07T04:34:27.346Z"}
{"context":"InstanceLoader","level":"info","message":"AuthModule dependencies initialized","timestamp":"2025-03-07T04:34:27.346Z"}
{"context":"RoutesResolver","level":"info","message":"AppController {/api}:","timestamp":"2025-03-07T04:34:27.348Z"}
{"context":"RouterExplorer","level":"info","message":"Mapped {/api/health, GET} route","timestamp":"2025-03-07T04:34:27.349Z"}
{"context":"RoutesResolver","level":"info","message":"AuthController {/api/auth}:","timestamp":"2025-03-07T04:34:27.349Z"}
{"context":"RouterExplorer","level":"info","message":"Mapped {/api/auth/login, POST} route","timestamp":"2025-03-07T04:34:27.349Z"}
{"context":"RouterExplorer","level":"info","message":"Mapped {/api/auth/register, POST} route","timestamp":"2025-03-07T04:34:27.350Z"}
{"context":"RoutesResolver","level":"info","message":"UsersController {/api/users}:","timestamp":"2025-03-07T04:34:27.350Z"}
{"context":"RouterExplorer","level":"info","message":"Mapped {/api/users/profile, GET} route","timestamp":"2025-03-07T04:34:27.350Z"}
{"context":"RouterExplorer","level":"info","message":"Mapped {/api/users/:id, GET} route","timestamp":"2025-03-07T04:34:27.350Z"}
{"context":"RouterExplorer","level":"info","message":"Mapped {/api/users/:id, PUT} route","timestamp":"2025-03-07T04:34:27.350Z"}
{"context":"RouterExplorer","level":"info","message":"Mapped {/api/users/:id, DELETE} route","timestamp":"2025-03-07T04:34:27.350Z"}
{"context":"RoutesResolver","level":"info","message":"MoodsController {/api/moods}:","timestamp":"2025-03-07T04:34:27.350Z"}
{"context":"RouterExplorer","level":"info","message":"Mapped {/api/moods, GET} route","timestamp":"2025-03-07T04:34:27.350Z"}
{"context":"RouterExplorer","level":"info","message":"Mapped {/api/moods/date/:date, GET} route","timestamp":"2025-03-07T04:34:27.351Z"}
{"context":"RouterExplorer","level":"info","message":"Mapped {/api/moods/range, GET} route","timestamp":"2025-03-07T04:34:27.351Z"}
{"context":"RouterExplorer","level":"info","message":"Mapped {/api/moods/:id, GET} route","timestamp":"2025-03-07T04:34:27.351Z"}
{"context":"RouterExplorer","level":"info","message":"Mapped {/api/moods, POST} route","timestamp":"2025-03-07T04:34:27.351Z"}
{"context":"RouterExplorer","level":"info","message":"Mapped {/api/moods/:id, PUT} route","timestamp":"2025-03-07T04:34:27.351Z"}
{"context":"RouterExplorer","level":"info","message":"Mapped {/api/moods/:id, DELETE} route","timestamp":"2025-03-07T04:34:27.351Z"}
{"context":"NestApplication","level":"info","message":"Nest application successfully started","timestamp":"2025-03-07T04:34:27.352Z"}
{"context":"Bootstrap","level":"info","message":"Application is running on: http://[::1]:3000","timestamp":"2025-03-07T04:34:27.353Z"}
{"context":"NestFactory","level":"info","message":"Starting Nest application...","timestamp":"2025-03-07T16:40:03.338Z"}
{"context":"InstanceLoader","level":"info","message":"TypeOrmModule dependencies initialized","timestamp":"2025-03-07T16:40:03.344Z"}
{"context":"InstanceLoader","level":"info","message":"PassportModule dependencies initialized","timestamp":"2025-03-07T16:40:03.344Z"}
{"context":"InstanceLoader","level":"info","message":"AppModule dependencies initialized","timestamp":"2025-03-07T16:40:03.344Z"}
{"context":"InstanceLoader","level":"info","message":"ConfigHostModule dependencies initialized","timestamp":"2025-03-07T16:40:03.344Z"}
{"context":"InstanceLoader","level":"info","message":"ConfigModule dependencies initialized","timestamp":"2025-03-07T16:40:03.345Z"}
{"context":"InstanceLoader","level":"info","message":"ConfigModule dependencies initialized","timestamp":"2025-03-07T16:40:03.345Z"}
{"context":"InstanceLoader","level":"info","message":"JwtModule dependencies initialized","timestamp":"2025-03-07T16:40:03.361Z"}
{"context":"InstanceLoader","level":"info","message":"TypeOrmCoreModule dependencies initialized","timestamp":"2025-03-07T16:40:03.433Z"}
{"context":"InstanceLoader","level":"info","message":"TypeOrmModule dependencies initialized","timestamp":"2025-03-07T16:40:03.433Z"}
{"context":"InstanceLoader","level":"info","message":"TypeOrmModule dependencies initialized","timestamp":"2025-03-07T16:40:03.433Z"}
{"context":"InstanceLoader","level":"info","message":"UsersModule dependencies initialized","timestamp":"2025-03-07T16:40:03.434Z"}
{"context":"InstanceLoader","level":"info","message":"MoodsModule dependencies initialized","timestamp":"2025-03-07T16:40:03.434Z"}
{"context":"InstanceLoader","level":"info","message":"AuthModule dependencies initialized","timestamp":"2025-03-07T16:40:03.434Z"}
{"context":"RoutesResolver","level":"info","message":"AppController {/api}:","timestamp":"2025-03-07T16:40:03.437Z"}
{"context":"RouterExplorer","level":"info","message":"Mapped {/api/health, GET} route","timestamp":"2025-03-07T16:40:03.438Z"}
{"context":"RoutesResolver","level":"info","message":"AuthController {/api/auth}:","timestamp":"2025-03-07T16:40:03.438Z"}
{"context":"RouterExplorer","level":"info","message":"Mapped {/api/auth/login, POST} route","timestamp":"2025-03-07T16:40:03.439Z"}
{"context":"RouterExplorer","level":"info","message":"Mapped {/api/auth/register, POST} route","timestamp":"2025-03-07T16:40:03.439Z"}
{"context":"RoutesResolver","level":"info","message":"UsersController {/api/users}:","timestamp":"2025-03-07T16:40:03.439Z"}
{"context":"RouterExplorer","level":"info","message":"Mapped {/api/users/profile, GET} route","timestamp":"2025-03-07T16:40:03.439Z"}
{"context":"RouterExplorer","level":"info","message":"Mapped {/api/users/:id, GET} route","timestamp":"2025-03-07T16:40:03.440Z"}
{"context":"RouterExplorer","level":"info","message":"Mapped {/api/users/:id, PUT} route","timestamp":"2025-03-07T16:40:03.440Z"}
{"context":"RouterExplorer","level":"info","message":"Mapped {/api/users/:id, DELETE} route","timestamp":"2025-03-07T16:40:03.440Z"}
{"context":"RoutesResolver","level":"info","message":"MoodsController {/api/moods}:","timestamp":"2025-03-07T16:40:03.440Z"}
{"context":"RouterExplorer","level":"info","message":"Mapped {/api/moods, GET} route","timestamp":"2025-03-07T16:40:03.440Z"}
{"context":"RouterExplorer","level":"info","message":"Mapped {/api/moods/date/:date, GET} route","timestamp":"2025-03-07T16:40:03.441Z"}
{"context":"RouterExplorer","level":"info","message":"Mapped {/api/moods/range, GET} route","timestamp":"2025-03-07T16:40:03.441Z"}
{"context":"RouterExplorer","level":"info","message":"Mapped {/api/moods/:id, GET} route","timestamp":"2025-03-07T16:40:03.441Z"}
{"context":"RouterExplorer","level":"info","message":"Mapped {/api/moods, POST} route","timestamp":"2025-03-07T16:40:03.441Z"}
{"context":"RouterExplorer","level":"info","message":"Mapped {/api/moods/:id, PUT} route","timestamp":"2025-03-07T16:40:03.441Z"}
{"context":"RouterExplorer","level":"info","message":"Mapped {/api/moods/:id, DELETE} route","timestamp":"2025-03-07T16:40:03.441Z"}
{"context":"NestApplication","level":"info","message":"Nest application successfully started","timestamp":"2025-03-07T16:40:03.442Z"}
{"context":"Bootstrap","level":"info","message":"Application is running on: http://[::1]:3000","timestamp":"2025-03-07T16:40:03.443Z"}
{"context":"NestFactory","level":"info","message":"Starting Nest application...","timestamp":"2025-03-07T17:01:26.040Z"}
{"context":"InstanceLoader","level":"info","message":"TypeOrmModule dependencies initialized","timestamp":"2025-03-07T17:01:26.046Z"}
{"context":"InstanceLoader","level":"info","message":"PassportModule dependencies initialized","timestamp":"2025-03-07T17:01:26.047Z"}
{"context":"InstanceLoader","level":"info","message":"AppModule dependencies initialized","timestamp":"2025-03-07T17:01:26.047Z"}
{"context":"InstanceLoader","level":"info","message":"ConfigHostModule dependencies initialized","timestamp":"2025-03-07T17:01:26.047Z"}
{"context":"InstanceLoader","level":"info","message":"ConfigModule dependencies initialized","timestamp":"2025-03-07T17:01:26.047Z"}
{"context":"InstanceLoader","level":"info","message":"ConfigModule dependencies initialized","timestamp":"2025-03-07T17:01:26.047Z"}
{"context":"InstanceLoader","level":"info","message":"JwtModule dependencies initialized","timestamp":"2025-03-07T17:01:26.064Z"}
{"context":"InstanceLoader","level":"info","message":"TypeOrmCoreModule dependencies initialized","timestamp":"2025-03-07T17:01:26.114Z"}
{"context":"InstanceLoader","level":"info","message":"TypeOrmModule dependencies initialized","timestamp":"2025-03-07T17:01:26.114Z"}
{"context":"InstanceLoader","level":"info","message":"TypeOrmModule dependencies initialized","timestamp":"2025-03-07T17:01:26.115Z"}
{"context":"InstanceLoader","level":"info","message":"UsersModule dependencies initialized","timestamp":"2025-03-07T17:01:26.115Z"}
{"context":"InstanceLoader","level":"info","message":"MoodsModule dependencies initialized","timestamp":"2025-03-07T17:01:26.115Z"}
{"context":"InstanceLoader","level":"info","message":"AuthModule dependencies initialized","timestamp":"2025-03-07T17:01:26.115Z"}
{"context":"RoutesResolver","level":"info","message":"AppController {/api}:","timestamp":"2025-03-07T17:01:26.118Z"}
{"context":"RouterExplorer","level":"info","message":"Mapped {/api/health, GET} route","timestamp":"2025-03-07T17:01:26.119Z"}
{"context":"RoutesResolver","level":"info","message":"AuthController {/api/auth}:","timestamp":"2025-03-07T17:01:26.119Z"}
{"context":"RouterExplorer","level":"info","message":"Mapped {/api/auth/login, POST} route","timestamp":"2025-03-07T17:01:26.119Z"}
{"context":"RouterExplorer","level":"info","message":"Mapped {/api/auth/register, POST} route","timestamp":"2025-03-07T17:01:26.120Z"}
{"context":"RoutesResolver","level":"info","message":"UsersController {/api/users}:","timestamp":"2025-03-07T17:01:26.120Z"}
{"context":"RouterExplorer","level":"info","message":"Mapped {/api/users/profile, GET} route","timestamp":"2025-03-07T17:01:26.120Z"}
{"context":"RouterExplorer","level":"info","message":"Mapped {/api/users/:id, GET} route","timestamp":"2025-03-07T17:01:26.120Z"}
{"context":"RouterExplorer","level":"info","message":"Mapped {/api/users/:id, PUT} route","timestamp":"2025-03-07T17:01:26.121Z"}
{"context":"RouterExplorer","level":"info","message":"Mapped {/api/users/:id, DELETE} route","timestamp":"2025-03-07T17:01:26.121Z"}
{"context":"RoutesResolver","level":"info","message":"MoodsController {/api/moods}:","timestamp":"2025-03-07T17:01:26.121Z"}
{"context":"RouterExplorer","level":"info","message":"Mapped {/api/moods, GET} route","timestamp":"2025-03-07T17:01:26.121Z"}
{"context":"RouterExplorer","level":"info","message":"Mapped {/api/moods/date/:date, GET} route","timestamp":"2025-03-07T17:01:26.121Z"}
{"context":"RouterExplorer","level":"info","message":"Mapped {/api/moods/range, GET} route","timestamp":"2025-03-07T17:01:26.121Z"}
{"context":"RouterExplorer","level":"info","message":"Mapped {/api/moods/:id, GET} route","timestamp":"2025-03-07T17:01:26.122Z"}
{"context":"RouterExplorer","level":"info","message":"Mapped {/api/moods, POST} route","timestamp":"2025-03-07T17:01:26.122Z"}
{"context":"RouterExplorer","level":"info","message":"Mapped {/api/moods/:id, PUT} route","timestamp":"2025-03-07T17:01:26.122Z"}
{"context":"RouterExplorer","level":"info","message":"Mapped {/api/moods/:id, DELETE} route","timestamp":"2025-03-07T17:01:26.122Z"}
{"context":"NestApplication","level":"info","message":"Nest application successfully started","timestamp":"2025-03-07T17:01:26.123Z"}
{"context":"Bootstrap","level":"info","message":"Application is running on: http://[::1]:3000","timestamp":"2025-03-07T17:01:26.124Z"}
{"context":"NestFactory","level":"info","message":"Starting Nest application...","timestamp":"2025-03-07T17:15:33.082Z"}
{"context":"InstanceLoader","level":"info","message":"TypeOrmModule dependencies initialized","timestamp":"2025-03-07T17:15:33.088Z"}
{"context":"InstanceLoader","level":"info","message":"PassportModule dependencies initialized","timestamp":"2025-03-07T17:15:33.088Z"}
{"context":"InstanceLoader","level":"info","message":"AppModule dependencies initialized","timestamp":"2025-03-07T17:15:33.088Z"}
{"context":"InstanceLoader","level":"info","message":"ConfigHostModule dependencies initialized","timestamp":"2025-03-07T17:15:33.088Z"}
{"context":"InstanceLoader","level":"info","message":"ConfigModule dependencies initialized","timestamp":"2025-03-07T17:15:33.089Z"}
{"context":"InstanceLoader","level":"info","message":"ConfigModule dependencies initialized","timestamp":"2025-03-07T17:15:33.089Z"}
{"context":"InstanceLoader","level":"info","message":"JwtModule dependencies initialized","timestamp":"2025-03-07T17:15:33.106Z"}
{"context":"InstanceLoader","level":"info","message":"TypeOrmCoreModule dependencies initialized","timestamp":"2025-03-07T17:15:33.179Z"}
{"context":"InstanceLoader","level":"info","message":"TypeOrmModule dependencies initialized","timestamp":"2025-03-07T17:15:33.179Z"}
{"context":"InstanceLoader","level":"info","message":"TypeOrmModule dependencies initialized","timestamp":"2025-03-07T17:15:33.179Z"}
{"context":"InstanceLoader","level":"info","message":"UsersModule dependencies initialized","timestamp":"2025-03-07T17:15:33.180Z"}
{"context":"InstanceLoader","level":"info","message":"MoodsModule dependencies initialized","timestamp":"2025-03-07T17:15:33.180Z"}
{"context":"InstanceLoader","level":"info","message":"AuthModule dependencies initialized","timestamp":"2025-03-07T17:15:33.180Z"}
{"context":"RoutesResolver","level":"info","message":"AppController {/api}:","timestamp":"2025-03-07T17:15:33.183Z"}
{"context":"RouterExplorer","level":"info","message":"Mapped {/api/health, GET} route","timestamp":"2025-03-07T17:15:33.184Z"}
{"context":"RoutesResolver","level":"info","message":"AuthController {/api/auth}:","timestamp":"2025-03-07T17:15:33.184Z"}
{"context":"RouterExplorer","level":"info","message":"Mapped {/api/auth/login, POST} route","timestamp":"2025-03-07T17:15:33.185Z"}
{"context":"RouterExplorer","level":"info","message":"Mapped {/api/auth/register, POST} route","timestamp":"2025-03-07T17:15:33.185Z"}
{"context":"RoutesResolver","level":"info","message":"UsersController {/api/users}:","timestamp":"2025-03-07T17:15:33.185Z"}
{"context":"RouterExplorer","level":"info","message":"Mapped {/api/users/profile, GET} route","timestamp":"2025-03-07T17:15:33.185Z"}
{"context":"RouterExplorer","level":"info","message":"Mapped {/api/users/:id, GET} route","timestamp":"2025-03-07T17:15:33.186Z"}
{"context":"RouterExplorer","level":"info","message":"Mapped {/api/users/:id, PUT} route","timestamp":"2025-03-07T17:15:33.186Z"}
{"context":"RouterExplorer","level":"info","message":"Mapped {/api/users/:id, DELETE} route","timestamp":"2025-03-07T17:15:33.186Z"}
{"context":"RoutesResolver","level":"info","message":"MoodsController {/api/moods}:","timestamp":"2025-03-07T17:15:33.186Z"}
{"context":"RouterExplorer","level":"info","message":"Mapped {/api/moods, GET} route","timestamp":"2025-03-07T17:15:33.186Z"}
{"context":"RouterExplorer","level":"info","message":"Mapped {/api/moods/date/:date, GET} route","timestamp":"2025-03-07T17:15:33.187Z"}
{"context":"RouterExplorer","level":"info","message":"Mapped {/api/moods/range, GET} route","timestamp":"2025-03-07T17:15:33.187Z"}
{"context":"RouterExplorer","level":"info","message":"Mapped {/api/moods/:id, GET} route","timestamp":"2025-03-07T17:15:33.187Z"}
{"context":"RouterExplorer","level":"info","message":"Mapped {/api/moods, POST} route","timestamp":"2025-03-07T17:15:33.187Z"}
{"context":"RouterExplorer","level":"info","message":"Mapped {/api/moods/:id, PUT} route","timestamp":"2025-03-07T17:15:33.187Z"}
{"context":"RouterExplorer","level":"info","message":"Mapped {/api/moods/:id, DELETE} route","timestamp":"2025-03-07T17:15:33.187Z"}
{"context":"NestApplication","level":"info","message":"Nest application successfully started","timestamp":"2025-03-07T17:15:33.188Z"}
{"context":"Bootstrap","level":"info","message":"Application is running on: http://[::1]:3000","timestamp":"2025-03-07T17:15:33.189Z"}
{"context":"NestFactory","level":"info","message":"Starting Nest application...","timestamp":"2025-03-07T17:15:52.160Z"}
{"context":"InstanceLoader","level":"info","message":"TypeOrmModule dependencies initialized","timestamp":"2025-03-07T17:15:52.166Z"}
{"context":"InstanceLoader","level":"info","message":"PassportModule dependencies initialized","timestamp":"2025-03-07T17:15:52.167Z"}
{"context":"InstanceLoader","level":"info","message":"AppModule dependencies initialized","timestamp":"2025-03-07T17:15:52.167Z"}
{"context":"InstanceLoader","level":"info","message":"ConfigHostModule dependencies initialized","timestamp":"2025-03-07T17:15:52.167Z"}
{"context":"InstanceLoader","level":"info","message":"ConfigModule dependencies initialized","timestamp":"2025-03-07T17:15:52.167Z"}
{"context":"InstanceLoader","level":"info","message":"ConfigModule dependencies initialized","timestamp":"2025-03-07T17:15:52.167Z"}
{"context":"InstanceLoader","level":"info","message":"JwtModule dependencies initialized","timestamp":"2025-03-07T17:15:52.178Z"}
{"context":"InstanceLoader","level":"info","message":"TypeOrmCoreModule dependencies initialized","timestamp":"2025-03-07T17:15:52.242Z"}
{"context":"InstanceLoader","level":"info","message":"TypeOrmModule dependencies initialized","timestamp":"2025-03-07T17:15:52.242Z"}
{"context":"InstanceLoader","level":"info","message":"TypeOrmModule dependencies initialized","timestamp":"2025-03-07T17:15:52.242Z"}
{"context":"InstanceLoader","level":"info","message":"UsersModule dependencies initialized","timestamp":"2025-03-07T17:15:52.243Z"}
{"context":"InstanceLoader","level":"info","message":"MoodsModule dependencies initialized","timestamp":"2025-03-07T17:15:52.243Z"}
{"context":"InstanceLoader","level":"info","message":"AuthModule dependencies initialized","timestamp":"2025-03-07T17:15:52.243Z"}
{"context":"RoutesResolver","level":"info","message":"AppController {/api}:","timestamp":"2025-03-07T17:15:52.245Z"}
{"context":"RouterExplorer","level":"info","message":"Mapped {/api/health, GET} route","timestamp":"2025-03-07T17:15:52.246Z"}
{"context":"RoutesResolver","level":"info","message":"AuthController {/api/auth}:","timestamp":"2025-03-07T17:15:52.247Z"}
{"context":"RouterExplorer","level":"info","message":"Mapped {/api/auth/login, POST} route","timestamp":"2025-03-07T17:15:52.247Z"}
{"context":"RouterExplorer","level":"info","message":"Mapped {/api/auth/register, POST} route","timestamp":"2025-03-07T17:15:52.247Z"}
{"context":"RoutesResolver","level":"info","message":"UsersController {/api/users}:","timestamp":"2025-03-07T17:15:52.247Z"}
{"context":"RouterExplorer","level":"info","message":"Mapped {/api/users/profile, GET} route","timestamp":"2025-03-07T17:15:52.248Z"}
{"context":"RouterExplorer","level":"info","message":"Mapped {/api/users/:id, GET} route","timestamp":"2025-03-07T17:15:52.248Z"}
{"context":"RouterExplorer","level":"info","message":"Mapped {/api/users/:id, PUT} route","timestamp":"2025-03-07T17:15:52.248Z"}
{"context":"RouterExplorer","level":"info","message":"Mapped {/api/users/:id, DELETE} route","timestamp":"2025-03-07T17:15:52.248Z"}
{"context":"RoutesResolver","level":"info","message":"MoodsController {/api/moods}:","timestamp":"2025-03-07T17:15:52.248Z"}
{"context":"RouterExplorer","level":"info","message":"Mapped {/api/moods, GET} route","timestamp":"2025-03-07T17:15:52.248Z"}
{"context":"RouterExplorer","level":"info","message":"Mapped {/api/moods/date/:date, GET} route","timestamp":"2025-03-07T17:15:52.249Z"}
{"context":"RouterExplorer","level":"info","message":"Mapped {/api/moods/range, GET} route","timestamp":"2025-03-07T17:15:52.249Z"}
{"context":"RouterExplorer","level":"info","message":"Mapped {/api/moods/:id, GET} route","timestamp":"2025-03-07T17:15:52.249Z"}
{"context":"RouterExplorer","level":"info","message":"Mapped {/api/moods, POST} route","timestamp":"2025-03-07T17:15:52.249Z"}
{"context":"RouterExplorer","level":"info","message":"Mapped {/api/moods/:id, PUT} route","timestamp":"2025-03-07T17:15:52.249Z"}
{"context":"RouterExplorer","level":"info","message":"Mapped {/api/moods/:id, DELETE} route","timestamp":"2025-03-07T17:15:52.249Z"}
{"context":"NestApplication","level":"info","message":"Nest application successfully started","timestamp":"2025-03-07T17:15:52.250Z"}
{"context":"Bootstrap","level":"info","message":"Application is running on: http://[::1]:3000","timestamp":"2025-03-07T17:15:52.251Z"}
{"context":"NestFactory","level":"info","message":"Starting Nest application...","timestamp":"2025-03-07T17:19:00.927Z"}
{"context":"InstanceLoader","level":"info","message":"TypeOrmModule dependencies initialized","timestamp":"2025-03-07T17:19:00.933Z"}
{"context":"InstanceLoader","level":"info","message":"PassportModule dependencies initialized","timestamp":"2025-03-07T17:19:00.934Z"}
{"context":"InstanceLoader","level":"info","message":"AppModule dependencies initialized","timestamp":"2025-03-07T17:19:00.934Z"}
{"context":"InstanceLoader","level":"info","message":"ConfigHostModule dependencies initialized","timestamp":"2025-03-07T17:19:00.934Z"}
{"context":"InstanceLoader","level":"info","message":"ConfigModule dependencies initialized","timestamp":"2025-03-07T17:19:00.934Z"}
{"context":"InstanceLoader","level":"info","message":"ConfigModule dependencies initialized","timestamp":"2025-03-07T17:19:00.934Z"}
{"context":"InstanceLoader","level":"info","message":"JwtModule dependencies initialized","timestamp":"2025-03-07T17:19:00.951Z"}
{"context":"InstanceLoader","level":"info","message":"TypeOrmCoreModule dependencies initialized","timestamp":"2025-03-07T17:19:01.018Z"}
{"context":"InstanceLoader","level":"info","message":"TypeOrmModule dependencies initialized","timestamp":"2025-03-07T17:19:01.018Z"}
{"context":"InstanceLoader","level":"info","message":"TypeOrmModule dependencies initialized","timestamp":"2025-03-07T17:19:01.018Z"}
{"context":"InstanceLoader","level":"info","message":"UsersModule dependencies initialized","timestamp":"2025-03-07T17:19:01.019Z"}
{"context":"InstanceLoader","level":"info","message":"MoodsModule dependencies initialized","timestamp":"2025-03-07T17:19:01.019Z"}
{"context":"InstanceLoader","level":"info","message":"AuthModule dependencies initialized","timestamp":"2025-03-07T17:19:01.019Z"}
{"context":"RoutesResolver","level":"info","message":"AppController {/api}:","timestamp":"2025-03-07T17:19:01.021Z"}
{"context":"RouterExplorer","level":"info","message":"Mapped {/api/health, GET} route","timestamp":"2025-03-07T17:19:01.022Z"}
{"context":"RoutesResolver","level":"info","message":"AuthController {/api/auth}:","timestamp":"2025-03-07T17:19:01.022Z"}
{"context":"RouterExplorer","level":"info","message":"Mapped {/api/auth/login, POST} route","timestamp":"2025-03-07T17:19:01.023Z"}
{"context":"RouterExplorer","level":"info","message":"Mapped {/api/auth/register, POST} route","timestamp":"2025-03-07T17:19:01.023Z"}
{"context":"RoutesResolver","level":"info","message":"UsersController {/api/users}:","timestamp":"2025-03-07T17:19:01.023Z"}
{"context":"RouterExplorer","level":"info","message":"Mapped {/api/users/profile, GET} route","timestamp":"2025-03-07T17:19:01.023Z"}
{"context":"RouterExplorer","level":"info","message":"Mapped {/api/users/:id, GET} route","timestamp":"2025-03-07T17:19:01.023Z"}
{"context":"RouterExplorer","level":"info","message":"Mapped {/api/users/:id, PUT} route","timestamp":"2025-03-07T17:19:01.023Z"}
{"context":"RouterExplorer","level":"info","message":"Mapped {/api/users/:id, DELETE} route","timestamp":"2025-03-07T17:19:01.024Z"}
{"context":"RoutesResolver","level":"info","message":"MoodsController {/api/moods}:","timestamp":"2025-03-07T17:19:01.024Z"}
{"context":"RouterExplorer","level":"info","message":"Mapped {/api/moods, GET} route","timestamp":"2025-03-07T17:19:01.024Z"}
{"context":"RouterExplorer","level":"info","message":"Mapped {/api/moods/date/:date, GET} route","timestamp":"2025-03-07T17:19:01.024Z"}
{"context":"RouterExplorer","level":"info","message":"Mapped {/api/moods/range, GET} route","timestamp":"2025-03-07T17:19:01.024Z"}
{"context":"RouterExplorer","level":"info","message":"Mapped {/api/moods/:id, GET} route","timestamp":"2025-03-07T17:19:01.024Z"}
{"context":"RouterExplorer","level":"info","message":"Mapped {/api/moods, POST} route","timestamp":"2025-03-07T17:19:01.024Z"}
{"context":"RouterExplorer","level":"info","message":"Mapped {/api/moods/:id, PUT} route","timestamp":"2025-03-07T17:19:01.025Z"}
{"context":"RouterExplorer","level":"info","message":"Mapped {/api/moods/:id, DELETE} route","timestamp":"2025-03-07T17:19:01.025Z"}
{"context":"NestApplication","level":"info","message":"Nest application successfully started","timestamp":"2025-03-07T17:19:01.026Z"}
{"context":"Bootstrap","level":"info","message":"Application is running on: http://[::1]:3000","timestamp":"2025-03-07T17:19:01.026Z"}
{"context":"NestFactory","level":"info","message":"Starting Nest application...","timestamp":"2025-03-07T17:19:07.038Z"}
{"context":"InstanceLoader","level":"info","message":"TypeOrmModule dependencies initialized","timestamp":"2025-03-07T17:19:07.043Z"}
{"context":"InstanceLoader","level":"info","message":"PassportModule dependencies initialized","timestamp":"2025-03-07T17:19:07.043Z"}
{"context":"InstanceLoader","level":"info","message":"AppModule dependencies initialized","timestamp":"2025-03-07T17:19:07.043Z"}
{"context":"InstanceLoader","level":"info","message":"ConfigHostModule dependencies initialized","timestamp":"2025-03-07T17:19:07.044Z"}
{"context":"InstanceLoader","level":"info","message":"ConfigModule dependencies initialized","timestamp":"2025-03-07T17:19:07.044Z"}
{"context":"InstanceLoader","level":"info","message":"ConfigModule dependencies initialized","timestamp":"2025-03-07T17:19:07.044Z"}
{"context":"InstanceLoader","level":"info","message":"JwtModule dependencies initialized","timestamp":"2025-03-07T17:19:07.056Z"}
{"context":"InstanceLoader","level":"info","message":"TypeOrmCoreModule dependencies initialized","timestamp":"2025-03-07T17:19:07.122Z"}
{"context":"InstanceLoader","level":"info","message":"TypeOrmModule dependencies initialized","timestamp":"2025-03-07T17:19:07.123Z"}
{"context":"InstanceLoader","level":"info","message":"TypeOrmModule dependencies initialized","timestamp":"2025-03-07T17:19:07.123Z"}
{"context":"InstanceLoader","level":"info","message":"UsersModule dependencies initialized","timestamp":"2025-03-07T17:19:07.123Z"}
{"context":"InstanceLoader","level":"info","message":"MoodsModule dependencies initialized","timestamp":"2025-03-07T17:19:07.123Z"}
{"context":"InstanceLoader","level":"info","message":"AuthModule dependencies initialized","timestamp":"2025-03-07T17:19:07.123Z"}
{"context":"RoutesResolver","level":"info","message":"AppController {/api}:","timestamp":"2025-03-07T17:19:07.126Z"}
{"context":"RouterExplorer","level":"info","message":"Mapped {/api/health, GET} route","timestamp":"2025-03-07T17:19:07.127Z"}
{"context":"RoutesResolver","level":"info","message":"AuthController {/api/auth}:","timestamp":"2025-03-07T17:19:07.127Z"}
{"context":"RouterExplorer","level":"info","message":"Mapped {/api/auth/login, POST} route","timestamp":"2025-03-07T17:19:07.127Z"}
{"context":"RouterExplorer","level":"info","message":"Mapped {/api/auth/register, POST} route","timestamp":"2025-03-07T17:19:07.127Z"}
{"context":"RoutesResolver","level":"info","message":"UsersController {/api/users}:","timestamp":"2025-03-07T17:19:07.127Z"}
{"context":"RouterExplorer","level":"info","message":"Mapped {/api/users/profile, GET} route","timestamp":"2025-03-07T17:19:07.128Z"}
{"context":"RouterExplorer","level":"info","message":"Mapped {/api/users/:id, GET} route","timestamp":"2025-03-07T17:19:07.128Z"}
{"context":"RouterExplorer","level":"info","message":"Mapped {/api/users/:id, PUT} route","timestamp":"2025-03-07T17:19:07.128Z"}
{"context":"RouterExplorer","level":"info","message":"Mapped {/api/users/:id, DELETE} route","timestamp":"2025-03-07T17:19:07.128Z"}
{"context":"RoutesResolver","level":"info","message":"MoodsController {/api/moods}:","timestamp":"2025-03-07T17:19:07.128Z"}
{"context":"RouterExplorer","level":"info","message":"Mapped {/api/moods, GET} route","timestamp":"2025-03-07T17:19:07.128Z"}
{"context":"RouterExplorer","level":"info","message":"Mapped {/api/moods/date/:date, GET} route","timestamp":"2025-03-07T17:19:07.129Z"}
{"context":"RouterExplorer","level":"info","message":"Mapped {/api/moods/range, GET} route","timestamp":"2025-03-07T17:19:07.129Z"}
{"context":"RouterExplorer","level":"info","message":"Mapped {/api/moods/:id, GET} route","timestamp":"2025-03-07T17:19:07.129Z"}
{"context":"RouterExplorer","level":"info","message":"Mapped {/api/moods, POST} route","timestamp":"2025-03-07T17:19:07.129Z"}
{"context":"RouterExplorer","level":"info","message":"Mapped {/api/moods/:id, PUT} route","timestamp":"2025-03-07T17:19:07.129Z"}
{"context":"RouterExplorer","level":"info","message":"Mapped {/api/moods/:id, DELETE} route","timestamp":"2025-03-07T17:19:07.129Z"}
{"context":"NestApplication","level":"info","message":"Nest application successfully started","timestamp":"2025-03-07T17:19:07.130Z"}
{"context":"Bootstrap","level":"info","message":"Application is running on: http://[::1]:3000","timestamp":"2025-03-07T17:19:07.131Z"}
{"context":"NestFactory","level":"info","message":"Starting Nest application...","timestamp":"2025-03-07T17:26:39.863Z"}
{"context":"InstanceLoader","level":"info","message":"TypeOrmModule dependencies initialized","timestamp":"2025-03-07T17:26:39.870Z"}
{"context":"InstanceLoader","level":"info","message":"PassportModule dependencies initialized","timestamp":"2025-03-07T17:26:39.870Z"}
{"context":"InstanceLoader","level":"info","message":"AppModule dependencies initialized","timestamp":"2025-03-07T17:26:39.870Z"}
{"context":"InstanceLoader","level":"info","message":"ConfigHostModule dependencies initialized","timestamp":"2025-03-07T17:26:39.870Z"}
{"context":"InstanceLoader","level":"info","message":"ConfigModule dependencies initialized","timestamp":"2025-03-07T17:26:39.870Z"}
{"context":"InstanceLoader","level":"info","message":"ConfigModule dependencies initialized","timestamp":"2025-03-07T17:26:39.870Z"}
{"context":"InstanceLoader","level":"info","message":"JwtModule dependencies initialized","timestamp":"2025-03-07T17:26:39.886Z"}
{"context":"InstanceLoader","level":"info","message":"TypeOrmCoreModule dependencies initialized","timestamp":"2025-03-07T17:26:39.957Z"}
{"context":"InstanceLoader","level":"info","message":"TypeOrmModule dependencies initialized","timestamp":"2025-03-07T17:26:39.957Z"}
{"context":"InstanceLoader","level":"info","message":"TypeOrmModule dependencies initialized","timestamp":"2025-03-07T17:26:39.957Z"}
{"context":"InstanceLoader","level":"info","message":"UsersModule dependencies initialized","timestamp":"2025-03-07T17:26:39.957Z"}
{"context":"InstanceLoader","level":"info","message":"MoodsModule dependencies initialized","timestamp":"2025-03-07T17:26:39.957Z"}
{"context":"InstanceLoader","level":"info","message":"AuthModule dependencies initialized","timestamp":"2025-03-07T17:26:39.958Z"}
{"context":"RoutesResolver","level":"info","message":"AppController {/api}:","timestamp":"2025-03-07T17:26:39.960Z"}
{"context":"RouterExplorer","level":"info","message":"Mapped {/api/health, GET} route","timestamp":"2025-03-07T17:26:39.961Z"}
{"context":"RoutesResolver","level":"info","message":"AuthController {/api/auth}:","timestamp":"2025-03-07T17:26:39.961Z"}
{"context":"RouterExplorer","level":"info","message":"Mapped {/api/auth/login, POST} route","timestamp":"2025-03-07T17:26:39.961Z"}
{"context":"RouterExplorer","level":"info","message":"Mapped {/api/auth/register, POST} route","timestamp":"2025-03-07T17:26:39.961Z"}
{"context":"RoutesResolver","level":"info","message":"UsersController {/api/users}:","timestamp":"2025-03-07T17:26:39.961Z"}
{"context":"RouterExplorer","level":"info","message":"Mapped {/api/users/profile, GET} route","timestamp":"2025-03-07T17:26:39.961Z"}
{"context":"RouterExplorer","level":"info","message":"Mapped {/api/users/:id, GET} route","timestamp":"2025-03-07T17:26:39.962Z"}
{"context":"RouterExplorer","level":"info","message":"Mapped {/api/users/:id, PUT} route","timestamp":"2025-03-07T17:26:39.962Z"}
{"context":"RouterExplorer","level":"info","message":"Mapped {/api/users/:id, DELETE} route","timestamp":"2025-03-07T17:26:39.962Z"}
{"context":"RoutesResolver","level":"info","message":"MoodsController {/api/moods}:","timestamp":"2025-03-07T17:26:39.962Z"}
{"context":"RouterExplorer","level":"info","message":"Mapped {/api/moods, GET} route","timestamp":"2025-03-07T17:26:39.962Z"}
{"context":"RouterExplorer","level":"info","message":"Mapped {/api/moods/date/:date, GET} route","timestamp":"2025-03-07T17:26:39.962Z"}
{"context":"RouterExplorer","level":"info","message":"Mapped {/api/moods/range, GET} route","timestamp":"2025-03-07T17:26:39.963Z"}
{"context":"RouterExplorer","level":"info","message":"Mapped {/api/moods/:id, GET} route","timestamp":"2025-03-07T17:26:39.963Z"}
{"context":"RouterExplorer","level":"info","message":"Mapped {/api/moods, POST} route","timestamp":"2025-03-07T17:26:39.963Z"}
{"context":"RouterExplorer","level":"info","message":"Mapped {/api/moods/:id, PUT} route","timestamp":"2025-03-07T17:26:39.963Z"}
{"context":"RouterExplorer","level":"info","message":"Mapped {/api/moods/:id, DELETE} route","timestamp":"2025-03-07T17:26:39.963Z"}
{"context":"NestApplication","level":"info","message":"Nest application successfully started","timestamp":"2025-03-07T17:26:39.964Z"}
{"context":"Bootstrap","level":"info","message":"Application is running on: http://[::1]:3000","timestamp":"2025-03-07T17:26:39.964Z"}
{"context":"NestFactory","level":"info","message":"Starting Nest application...","timestamp":"2025-03-07T17:27:52.939Z"}
{"context":"InstanceLoader","level":"info","message":"TypeOrmModule dependencies initialized","timestamp":"2025-03-07T17:27:52.945Z"}
{"context":"InstanceLoader","level":"info","message":"PassportModule dependencies initialized","timestamp":"2025-03-07T17:27:52.946Z"}
{"context":"InstanceLoader","level":"info","message":"AppModule dependencies initialized","timestamp":"2025-03-07T17:27:52.946Z"}
{"context":"InstanceLoader","level":"info","message":"ConfigHostModule dependencies initialized","timestamp":"2025-03-07T17:27:52.946Z"}
{"context":"InstanceLoader","level":"info","message":"ConfigModule dependencies initialized","timestamp":"2025-03-07T17:27:52.946Z"}
{"context":"InstanceLoader","level":"info","message":"ConfigModule dependencies initialized","timestamp":"2025-03-07T17:27:52.946Z"}
{"context":"InstanceLoader","level":"info","message":"JwtModule dependencies initialized","timestamp":"2025-03-07T17:27:52.962Z"}
{"context":"InstanceLoader","level":"info","message":"TypeOrmCoreModule dependencies initialized","timestamp":"2025-03-07T17:27:53.036Z"}
{"context":"InstanceLoader","level":"info","message":"TypeOrmModule dependencies initialized","timestamp":"2025-03-07T17:27:53.036Z"}
{"context":"InstanceLoader","level":"info","message":"TypeOrmModule dependencies initialized","timestamp":"2025-03-07T17:27:53.036Z"}
{"context":"InstanceLoader","level":"info","message":"UsersModule dependencies initialized","timestamp":"2025-03-07T17:27:53.037Z"}
{"context":"InstanceLoader","level":"info","message":"MoodsModule dependencies initialized","timestamp":"2025-03-07T17:27:53.037Z"}
{"context":"InstanceLoader","level":"info","message":"AuthModule dependencies initialized","timestamp":"2025-03-07T17:27:53.037Z"}
{"context":"RoutesResolver","level":"info","message":"AppController {/api}:","timestamp":"2025-03-07T17:27:53.039Z"}
{"context":"RouterExplorer","level":"info","message":"Mapped {/api/health, GET} route","timestamp":"2025-03-07T17:27:53.040Z"}
{"context":"RoutesResolver","level":"info","message":"AuthController {/api/auth}:","timestamp":"2025-03-07T17:27:53.040Z"}
{"context":"RouterExplorer","level":"info","message":"Mapped {/api/auth/login, POST} route","timestamp":"2025-03-07T17:27:53.040Z"}
{"context":"RouterExplorer","level":"info","message":"Mapped {/api/auth/register, POST} route","timestamp":"2025-03-07T17:27:53.040Z"}
{"context":"RoutesResolver","level":"info","message":"UsersController {/api/users}:","timestamp":"2025-03-07T17:27:53.040Z"}
{"context":"RouterExplorer","level":"info","message":"Mapped {/api/users/profile, GET} route","timestamp":"2025-03-07T17:27:53.041Z"}
{"context":"RouterExplorer","level":"info","message":"Mapped {/api/users/:id, GET} route","timestamp":"2025-03-07T17:27:53.041Z"}
{"context":"RouterExplorer","level":"info","message":"Mapped {/api/users/:id, PUT} route","timestamp":"2025-03-07T17:27:53.041Z"}
{"context":"RouterExplorer","level":"info","message":"Mapped {/api/users/:id, DELETE} route","timestamp":"2025-03-07T17:27:53.041Z"}
{"context":"RoutesResolver","level":"info","message":"MoodsController {/api/moods}:","timestamp":"2025-03-07T17:27:53.041Z"}
{"context":"RouterExplorer","level":"info","message":"Mapped {/api/moods, GET} route","timestamp":"2025-03-07T17:27:53.041Z"}
{"context":"RouterExplorer","level":"info","message":"Mapped {/api/moods/date/:date, GET} route","timestamp":"2025-03-07T17:27:53.042Z"}
{"context":"RouterExplorer","level":"info","message":"Mapped {/api/moods/range, GET} route","timestamp":"2025-03-07T17:27:53.042Z"}
{"context":"RouterExplorer","level":"info","message":"Mapped {/api/moods/:id, GET} route","timestamp":"2025-03-07T17:27:53.042Z"}
{"context":"RouterExplorer","level":"info","message":"Mapped {/api/moods, POST} route","timestamp":"2025-03-07T17:27:53.042Z"}
{"context":"RouterExplorer","level":"info","message":"Mapped {/api/moods/:id, PUT} route","timestamp":"2025-03-07T17:27:53.042Z"}
{"context":"RouterExplorer","level":"info","message":"Mapped {/api/moods/:id, DELETE} route","timestamp":"2025-03-07T17:27:53.042Z"}
{"context":"NestApplication","level":"info","message":"Nest application successfully started","timestamp":"2025-03-07T17:27:53.043Z"}
{"context":"Bootstrap","level":"info","message":"Application is running on: http://[::1]:3000","timestamp":"2025-03-07T17:27:53.044Z"}
